This file contains any messages produced by compilers while
running configure, to aid debugging if configure makes a mistake.

It was created by libhpdf configure 2.1.0, which was
generated by GNU Autoconf 2.60.  Invocation command line was

  $ ../../../../src/3rdPartyLibraries/libharu-2.1.0/configure --prefix=/g/g15/bronevet/Compilers/ROSE/compile --prefix=/g/g15/bronevet/Compilers/ROSE/compile --with-boost=/g/g15/bronevet/apps/boost_1_36_0-gcc4/ CC=/usr/local/bin/gcc CXX=/usr/local/bin/g++ --enable-ltdl-convenience --cache-file=/dev/null --srcdir=../../../../src/3rdPartyLibraries/libharu-2.1.0

## --------- ##
## Platform. ##
## --------- ##

hostname = hera0
uname -m = x86_64
uname -r = 2.6.18-105chaos
uname -s = Linux
uname -v = #1 SMP Mon Feb 14 16:50:42 EST 2011

/usr/bin/uname -p = unknown
/bin/uname -X     = unknown

/bin/arch              = x86_64
/usr/bin/arch -k       = unknown
/usr/convex/getsysinfo = unknown
/usr/bin/hostinfo      = unknown
/bin/machine           = unknown
/usr/bin/oslevel       = unknown
/bin/universe          = unknown

PATH: /usr/local/tools/libdwarf/bin
PATH: /usr/global/tools/totalview/m/hera/dflt/bin
PATH: /g/g15/bronevet/apps/tools
PATH: /g/g15/bronevet/apps/pUtils
PATH: /g/g15/bronevet/apps/ne-1.43/src/bin/chaos_4_x86_64_ib
PATH: /usr/local/tools/hpctoolkit/bin
PATH: /usr/global/tools/pstat
PATH: /g/g15/bronevet/apps/taskfarm/tools
PATH: /g/g15/bronevet/apps/taskfarm/tools/bin/chaos_4_x86_64_ib
PATH: /g/g15/bronevet/apps/mpiUtils/bin/chaos_4_x86_64_ib
PATH: /g/g15/bronevet/apps/f2c/bin/chaos_4_x86_64_ib
PATH: /g/g15/bronevet/apps/graphviz/bin/chaos_4_x86_64_ib
PATH: /g/g15/bronevet/apps/graphviz/bin
PATH: /g/g15/bronevet/apps/scheduler
PATH: /g/g15/bronevet/apps/taskfarm
PATH: /usr/lib64/qt-3.3/bin
PATH: /usr/local/bin
PATH: /bin
PATH: /usr/bin
PATH: /usr/bin/X11
PATH: /usr/lib/mpi/bin
PATH: /usr/apps/bin
PATH: /usr/gapps/bin
PATH: /usr/kerberos/bin
PATH: .


## ----------- ##
## Core tests. ##
## ----------- ##

configure:1978: checking for a BSD-compatible install
configure:2034: result: /usr/bin/install -c
configure:2045: checking whether build environment is sane
configure:2088: result: yes
configure:2153: checking for gawk
configure:2169: found /bin/gawk
configure:2180: result: gawk
configure:2191: checking whether make sets $(MAKE)
configure:2212: result: yes
configure:2387: checking whether to enable maintainer-specific portions of Makefiles
configure:2396: result: no
configure:2460: checking for gcc
configure:2487: result: /usr/local/bin/gcc
configure:2725: checking for C compiler version
configure:2732: /usr/local/bin/gcc --version >&5
gcc (GCC) 4.1.2 20080704 (Red Hat 4.1.2-50)
Copyright (C) 2006 Free Software Foundation, Inc.
This is free software; see the source for copying conditions.  There is NO
warranty; not even for MERCHANTABILITY or FITNESS FOR A PARTICULAR PURPOSE.

configure:2735: $? = 0
configure:2742: /usr/local/bin/gcc -v >&5
Using built-in specs.
Target: x86_64-redhat-linux
Configured with: ../configure --prefix=/usr --mandir=/usr/share/man --infodir=/usr/share/info --enable-shared --enable-threads=posix --enable-checking=release --with-system-zlib --enable-__cxa_atexit --disable-libunwind-exceptions --enable-libgcj-multifile --enable-languages=c,c++,objc,obj-c++,java,fortran,ada --enable-java-awt=gtk --disable-dssi --disable-plugin --with-java-home=/usr/lib/jvm/java-1.4.2-gcj-1.4.2.0/jre --with-cpu=generic --host=x86_64-redhat-linux
Thread model: posix
gcc version 4.1.2 20080704 (Red Hat 4.1.2-50)
configure:2745: $? = 0
configure:2752: /usr/local/bin/gcc -V >&5
gcc: '-V' option must have argument
configure:2755: $? = 1
configure:2778: checking for C compiler default output file name
configure:2805: /usr/local/bin/gcc    conftest.c -lgcrypt  >&5
configure:2808: $? = 0
configure:2854: result: a.out
configure:2859: checking whether the C compiler works
configure:2869: ./a.out
configure:2872: $? = 0
configure:2889: result: yes
configure:2896: checking whether we are cross compiling
configure:2898: result: no
configure:2901: checking for suffix of executables
configure:2908: /usr/local/bin/gcc -o conftest    conftest.c -lgcrypt  >&5
configure:2911: $? = 0
configure:2935: result: 
configure:2941: checking for suffix of object files
configure:2967: /usr/local/bin/gcc -c   conftest.c >&5
configure:2970: $? = 0
configure:2993: result: o
configure:2997: checking whether we are using the GNU C compiler
configure:3026: /usr/local/bin/gcc -c   conftest.c >&5
configure:3032: $? = 0
configure:3039: test -z "$ac_c_werror_flag" || test ! -s conftest.err
configure:3042: $? = 0
configure:3049: test -s conftest.o
configure:3052: $? = 0
configure:3066: result: yes
configure:3071: checking whether /usr/local/bin/gcc accepts -g
configure:3101: /usr/local/bin/gcc -c -g  conftest.c >&5
configure:3107: $? = 0
configure:3114: test -z "$ac_c_werror_flag" || test ! -s conftest.err
configure:3117: $? = 0
configure:3124: test -s conftest.o
configure:3127: $? = 0
configure:3257: result: yes
configure:3274: checking for /usr/local/bin/gcc option to accept ISO C89
configure:3348: /usr/local/bin/gcc  -c -g -O2  conftest.c >&5
configure:3354: $? = 0
configure:3361: test -z "$ac_c_werror_flag" || test ! -s conftest.err
configure:3364: $? = 0
configure:3371: test -s conftest.o
configure:3374: $? = 0
configure:3394: result: none needed
configure:3423: checking for style of include used by make
configure:3451: result: GNU
configure:3479: checking dependency style of /usr/local/bin/gcc
configure:3569: result: none
configure:3586: checking for a sed that does not truncate output
configure:3640: result: /bin/sed
configure:3649: checking build system type
configure:3667: result: x86_64-unknown-linux-gnu
configure:3689: checking host system type
configure:3704: result: x86_64-unknown-linux-gnu
configure:3726: checking for grep that handles long lines and -e
configure:3800: result: /bin/grep
configure:3805: checking for egrep
configure:3883: result: /bin/grep -E
configure:3899: checking for ld used by /usr/local/bin/gcc
configure:3966: result: /usr/local/bin/ld
configure:3975: checking if the linker (/usr/local/bin/ld) is GNU ld
configure:3990: result: yes
configure:4067: checking for /usr/local/bin/ld option to reload object files
configure:4074: result: -r
configure:4092: checking for BSD-compatible nm
configure:4141: result: /usr/bin/nm -B
configure:4145: checking whether ln -s works
configure:4149: result: yes
configure:4156: checking how to recognise dependent libraries
configure:4332: result: pass_all
configure:4420: /usr/local/bin/gcc -c -g -O2  conftest.c >&5
configure:4423: $? = 0
configure:4582: checking how to run the C preprocessor
configure:4622: /usr/local/bin/gcc -E  conftest.c
configure:4628: $? = 0
configure:4666: /usr/local/bin/gcc -E  conftest.c
conftest.c:8:28: error: ac_nonexistent.h: No such file or directory
configure:4672: $? = 1
configure: failed program was:
| /* confdefs.h.  */
| #define PACKAGE_NAME "libhpdf"
| #define PACKAGE_TARNAME "libhpdf"
| #define PACKAGE_VERSION "2.1.0"
| #define PACKAGE_STRING "libhpdf 2.1.0"
| #define PACKAGE_BUGREPORT ""
| /* end confdefs.h.  */
| #include <ac_nonexistent.h>
configure:4712: result: /usr/local/bin/gcc -E
configure:4741: /usr/local/bin/gcc -E  conftest.c
configure:4747: $? = 0
configure:4785: /usr/local/bin/gcc -E  conftest.c
conftest.c:8:28: error: ac_nonexistent.h: No such file or directory
configure:4791: $? = 1
configure: failed program was:
| /* confdefs.h.  */
| #define PACKAGE_NAME "libhpdf"
| #define PACKAGE_TARNAME "libhpdf"
| #define PACKAGE_VERSION "2.1.0"
| #define PACKAGE_STRING "libhpdf 2.1.0"
| #define PACKAGE_BUGREPORT ""
| /* end confdefs.h.  */
| #include <ac_nonexistent.h>
configure:4836: checking for ANSI C header files
configure:4866: /usr/local/bin/gcc -c -g -O2  conftest.c >&5
configure:4872: $? = 0
configure:4879: test -z "$ac_c_werror_flag" || test ! -s conftest.err
configure:4882: $? = 0
configure:4889: test -s conftest.o
configure:4892: $? = 0
configure:4988: /usr/local/bin/gcc -o conftest -g -O2   conftest.c -lgcrypt  >&5
configure:4991: $? = 0
configure:4997: ./conftest
configure:5000: $? = 0
configure:5017: result: yes
configure:5041: checking for sys/types.h
configure:5062: /usr/local/bin/gcc -c -g -O2  conftest.c >&5
configure:5068: $? = 0
configure:5075: test -z "$ac_c_werror_flag" || test ! -s conftest.err
configure:5078: $? = 0
configure:5085: test -s conftest.o
configure:5088: $? = 0
configure:5101: result: yes
configure:5041: checking for sys/stat.h
configure:5062: /usr/local/bin/gcc -c -g -O2  conftest.c >&5
configure:5068: $? = 0
configure:5075: test -z "$ac_c_werror_flag" || test ! -s conftest.err
configure:5078: $? = 0
configure:5085: test -s conftest.o
configure:5088: $? = 0
configure:5101: result: yes
configure:5041: checking for stdlib.h
configure:5062: /usr/local/bin/gcc -c -g -O2  conftest.c >&5
configure:5068: $? = 0
configure:5075: test -z "$ac_c_werror_flag" || test ! -s conftest.err
configure:5078: $? = 0
configure:5085: test -s conftest.o
configure:5088: $? = 0
configure:5101: result: yes
configure:5041: checking for string.h
configure:5062: /usr/local/bin/gcc -c -g -O2  conftest.c >&5
configure:5068: $? = 0
configure:5075: test -z "$ac_c_werror_flag" || test ! -s conftest.err
configure:5078: $? = 0
configure:5085: test -s conftest.o
configure:5088: $? = 0
configure:5101: result: yes
configure:5041: checking for memory.h
configure:5062: /usr/local/bin/gcc -c -g -O2  conftest.c >&5
configure:5068: $? = 0
configure:5075: test -z "$ac_c_werror_flag" || test ! -s conftest.err
configure:5078: $? = 0
configure:5085: test -s conftest.o
configure:5088: $? = 0
configure:5101: result: yes
configure:5041: checking for strings.h
configure:5062: /usr/local/bin/gcc -c -g -O2  conftest.c >&5
configure:5068: $? = 0
configure:5075: test -z "$ac_c_werror_flag" || test ! -s conftest.err
configure:5078: $? = 0
configure:5085: test -s conftest.o
configure:5088: $? = 0
configure:5101: result: yes
configure:5041: checking for inttypes.h
configure:5062: /usr/local/bin/gcc -c -g -O2  conftest.c >&5
configure:5068: $? = 0
configure:5075: test -z "$ac_c_werror_flag" || test ! -s conftest.err
configure:5078: $? = 0
configure:5085: test -s conftest.o
configure:5088: $? = 0
configure:5101: result: yes
configure:5041: checking for stdint.h
configure:5062: /usr/local/bin/gcc -c -g -O2  conftest.c >&5
configure:5068: $? = 0
configure:5075: test -z "$ac_c_werror_flag" || test ! -s conftest.err
configure:5078: $? = 0
configure:5085: test -s conftest.o
configure:5088: $? = 0
configure:5101: result: yes
configure:5041: checking for unistd.h
configure:5062: /usr/local/bin/gcc -c -g -O2  conftest.c >&5
configure:5068: $? = 0
configure:5075: test -z "$ac_c_werror_flag" || test ! -s conftest.err
configure:5078: $? = 0
configure:5085: test -s conftest.o
configure:5088: $? = 0
configure:5101: result: yes
configure:5128: checking dlfcn.h usability
configure:5145: /usr/local/bin/gcc -c -g -O2  conftest.c >&5
configure:5151: $? = 0
configure:5158: test -z "$ac_c_werror_flag" || test ! -s conftest.err
configure:5161: $? = 0
configure:5168: test -s conftest.o
configure:5171: $? = 0
configure:5182: result: yes
configure:5186: checking dlfcn.h presence
configure:5201: /usr/local/bin/gcc -E  conftest.c
configure:5207: $? = 0
configure:5228: result: yes
configure:5256: checking for dlfcn.h
configure:5264: result: yes
configure:5393: checking for C++ compiler version
configure:5400: /usr/local/bin/g++ --version >&5
g++ (GCC) 4.1.2 20080704 (Red Hat 4.1.2-50)
Copyright (C) 2006 Free Software Foundation, Inc.
This is free software; see the source for copying conditions.  There is NO
warranty; not even for MERCHANTABILITY or FITNESS FOR A PARTICULAR PURPOSE.

configure:5403: $? = 0
configure:5410: /usr/local/bin/g++ -v >&5
Using built-in specs.
Target: x86_64-redhat-linux
Configured with: ../configure --prefix=/usr --mandir=/usr/share/man --infodir=/usr/share/info --enable-shared --enable-threads=posix --enable-checking=release --with-system-zlib --enable-__cxa_atexit --disable-libunwind-exceptions --enable-libgcj-multifile --enable-languages=c,c++,objc,obj-c++,java,fortran,ada --enable-java-awt=gtk --disable-dssi --disable-plugin --with-java-home=/usr/lib/jvm/java-1.4.2-gcj-1.4.2.0/jre --with-cpu=generic --host=x86_64-redhat-linux
Thread model: posix
gcc version 4.1.2 20080704 (Red Hat 4.1.2-50)
configure:5413: $? = 0
configure:5420: /usr/local/bin/g++ -V >&5
g++: '-V' option must have argument
configure:5423: $? = 1
configure:5426: checking whether we are using the GNU C++ compiler
configure:5455: /usr/local/bin/g++ -c   conftest.cpp >&5
configure:5461: $? = 0
configure:5468: test -z "$ac_cxx_werror_flag" || test ! -s conftest.err
configure:5471: $? = 0
configure:5478: test -s conftest.o
configure:5481: $? = 0
configure:5495: result: yes
configure:5500: checking whether /usr/local/bin/g++ accepts -g
configure:5530: /usr/local/bin/g++ -c -g  conftest.cpp >&5
configure:5536: $? = 0
configure:5543: test -z "$ac_cxx_werror_flag" || test ! -s conftest.err
configure:5546: $? = 0
configure:5553: test -s conftest.o
configure:5556: $? = 0
configure:5686: result: yes
configure:5711: checking dependency style of /usr/local/bin/g++
configure:5801: result: none
configure:5828: checking how to run the C++ preprocessor
configure:5864: /usr/local/bin/g++ -E  conftest.cpp
configure:5870: $? = 0
configure:5908: /usr/local/bin/g++ -E  conftest.cpp
conftest.cpp:19:28: error: ac_nonexistent.h: No such file or directory
configure:5914: $? = 1
configure: failed program was:
| /* confdefs.h.  */
| #define PACKAGE_NAME "libhpdf"
| #define PACKAGE_TARNAME "libhpdf"
| #define PACKAGE_VERSION "2.1.0"
| #define PACKAGE_STRING "libhpdf 2.1.0"
| #define PACKAGE_BUGREPORT ""
| #define STDC_HEADERS 1
| #define HAVE_SYS_TYPES_H 1
| #define HAVE_SYS_STAT_H 1
| #define HAVE_STDLIB_H 1
| #define HAVE_STRING_H 1
| #define HAVE_MEMORY_H 1
| #define HAVE_STRINGS_H 1
| #define HAVE_INTTYPES_H 1
| #define HAVE_STDINT_H 1
| #define HAVE_UNISTD_H 1
| #define HAVE_DLFCN_H 1
| /* end confdefs.h.  */
| #include <ac_nonexistent.h>
configure:5954: result: /usr/local/bin/g++ -E
configure:5983: /usr/local/bin/g++ -E  conftest.cpp
configure:5989: $? = 0
configure:6027: /usr/local/bin/g++ -E  conftest.cpp
conftest.cpp:19:28: error: ac_nonexistent.h: No such file or directory
configure:6033: $? = 1
configure: failed program was:
| /* confdefs.h.  */
| #define PACKAGE_NAME "libhpdf"
| #define PACKAGE_TARNAME "libhpdf"
| #define PACKAGE_VERSION "2.1.0"
| #define PACKAGE_STRING "libhpdf 2.1.0"
| #define PACKAGE_BUGREPORT ""
| #define STDC_HEADERS 1
| #define HAVE_SYS_TYPES_H 1
| #define HAVE_SYS_STAT_H 1
| #define HAVE_STDLIB_H 1
| #define HAVE_STRING_H 1
| #define HAVE_MEMORY_H 1
| #define HAVE_STRINGS_H 1
| #define HAVE_INTTYPES_H 1
| #define HAVE_STDINT_H 1
| #define HAVE_UNISTD_H 1
| #define HAVE_DLFCN_H 1
| /* end confdefs.h.  */
| #include <ac_nonexistent.h>
configure:6133: checking for g77
configure:6149: found /usr/bin/g77
configure:6160: result: g77
configure:6190: checking for Fortran 77 compiler version
configure:6197: g77 --version >&5
GNU Fortran (GCC) 3.4.6 20060404 (Red Hat 3.4.6-4.1)
Copyright (C) 2006 Free Software Foundation, Inc.

GNU Fortran comes with NO WARRANTY, to the extent permitted by law.
You may redistribute copies of GNU Fortran
under the terms of the GNU General Public License.
For more information about these matters, see the file named COPYING
or type the command `info -f g77 Copying'.
configure:6200: $? = 0
configure:6207: g77 -v >&5
Reading specs from /usr/lib/gcc/x86_64-redhat-linux/3.4.6/specs
Configured with: ../configure --prefix=/usr --mandir=/usr/share/man --infodir=/usr/share/info --enable-shared --enable-threads=posix --disable-checking --with-system-zlib --enable-__cxa_atexit --disable-libunwind-exceptions --enable-languages=c,c++,f77 --disable-libgcj --host=x86_64-redhat-linux
Thread model: posix
gcc version 3.4.6 20060404 (Red Hat 3.4.6-4.1)
configure:6210: $? = 0
configure:6217: g77 -V >&5
g77: `-V' option must have argument
configure:6220: $? = 1
configure:6228: checking whether we are using the GNU Fortran 77 compiler
configure:6247: g77 -c  conftest.F >&5
configure:6253: $? = 0
configure:6260: test -z "$ac_f77_werror_flag" || test ! -s conftest.err
configure:6263: $? = 0
configure:6270: test -s conftest.o
configure:6273: $? = 0
configure:6287: result: yes
configure:6293: checking whether g77 accepts -g
configure:6310: g77 -c -g conftest.f >&5
configure:6316: $? = 0
configure:6323: test -z "$ac_f77_werror_flag" || test ! -s conftest.err
configure:6326: $? = 0
configure:6333: test -s conftest.o
configure:6336: $? = 0
configure:6349: result: yes
configure:6379: checking the maximum length of command line arguments
configure:6488: result: 32768
configure:6499: checking command to parse /usr/bin/nm -B output from /usr/local/bin/gcc object
configure:6604: /usr/local/bin/gcc -c -g -O2  conftest.c >&5
configure:6607: $? = 0
configure:6611: /usr/bin/nm -B conftest.o \| sed -n -e 's/^.*[ 	]\([ABCDGIRSTW][ABCDGIRSTW]*\)[ 	][ 	]*\([_A-Za-z][_A-Za-z0-9]*\)$/\1 \2 \2/p' \> conftest.nm
configure:6614: $? = 0
configure:6666: /usr/local/bin/gcc -o conftest -g -O2   conftest.c conftstm.o >&5
configure:6669: $? = 0
configure:6707: result: ok
configure:6711: checking for objdir
configure:6726: result: .libs
configure:6818: checking for ar
configure:6834: found /usr/bin/ar
configure:6845: result: ar
configure:6914: checking for ranlib
configure:6930: found /usr/bin/ranlib
configure:6941: result: ranlib
configure:7010: checking for strip
configure:7026: found /usr/bin/strip
configure:7037: result: strip
configure:7323: checking if /usr/local/bin/gcc supports -fno-rtti -fno-exceptions
configure:7341: /usr/local/bin/gcc -c -g -O2  -fno-rtti -fno-exceptions conftest.c >&5
cc1: warning: command line option "-fno-rtti" is valid for C++/ObjC++ but not for C
configure:7345: $? = 0
configure:7358: result: no
configure:7373: checking for /usr/local/bin/gcc option to produce PIC
configure:7583: result: -fPIC
configure:7591: checking if /usr/local/bin/gcc PIC flag -fPIC works
configure:7609: /usr/local/bin/gcc -c -g -O2  -fPIC -DPIC conftest.c >&5
configure:7613: $? = 0
configure:7626: result: yes
configure:7654: checking if /usr/local/bin/gcc static flag -static works
configure:7682: result: yes
configure:7692: checking if /usr/local/bin/gcc supports -c -o file.o
configure:7713: /usr/local/bin/gcc -c -g -O2  -o out/conftest2.o conftest.c >&5
configure:7717: $? = 0
configure:7739: result: yes
configure:7765: checking whether the /usr/local/bin/gcc linker (/usr/local/bin/ld -m elf_x86_64) supports shared libraries
configure:8751: result: yes
configure:8772: checking whether -lc should be explicitly linked in
configure:8777: /usr/local/bin/gcc -c -g -O2  conftest.c >&5
configure:8780: $? = 0
configure:8795: /usr/local/bin/gcc -shared conftest.o  -v -Wl,-soname -Wl,conftest -o conftest 2\>\&1 \| grep  -lc  \>/dev/null 2\>\&1
configure:8798: $? = 0
configure:8810: result: no
configure:8818: checking dynamic linker characteristics
configure:9406: result: GNU/Linux ld.so
configure:9415: checking how to hardcode library paths into programs
configure:9440: result: immediate
configure:9454: checking whether stripping libraries is possible
configure:9459: result: yes
configure:10372: checking if libtool supports shared libraries
configure:10374: result: yes
configure:10377: checking whether to build shared libraries
configure:10398: result: yes
configure:10401: checking whether to build static libraries
configure:10405: result: yes
configure:10497: creating libtool
configure:11085: checking for ld used by /usr/local/bin/g++
configure:11152: result: /usr/local/bin/ld -m elf_x86_64
configure:11161: checking if the linker (/usr/local/bin/ld -m elf_x86_64) is GNU ld
configure:11176: result: yes
configure:11227: checking whether the /usr/local/bin/g++ linker (/usr/local/bin/ld -m elf_x86_64) supports shared libraries
configure:12193: result: yes
configure:12211: /usr/local/bin/g++ -c -g -O2  conftest.cpp >&5
configure:12214: $? = 0
configure:12333: checking for /usr/local/bin/g++ option to produce PIC
configure:12607: result: -fPIC
configure:12615: checking if /usr/local/bin/g++ PIC flag -fPIC works
configure:12633: /usr/local/bin/g++ -c -g -O2  -fPIC -DPIC conftest.cpp >&5
configure:12637: $? = 0
configure:12650: result: yes
configure:12678: checking if /usr/local/bin/g++ static flag -static works
configure:12706: result: yes
configure:12716: checking if /usr/local/bin/g++ supports -c -o file.o
configure:12737: /usr/local/bin/g++ -c -g -O2  -o out/conftest2.o conftest.cpp >&5
configure:12741: $? = 0
configure:12763: result: yes
configure:12789: checking whether the /usr/local/bin/g++ linker (/usr/local/bin/ld -m elf_x86_64) supports shared libraries
configure:12814: result: yes
configure:12881: checking dynamic linker characteristics
configure:13469: result: GNU/Linux ld.so
configure:13478: checking how to hardcode library paths into programs
configure:13503: result: immediate
configure:14029: checking if libtool supports shared libraries
configure:14031: result: yes
configure:14034: checking whether to build shared libraries
configure:14054: result: yes
configure:14057: checking whether to build static libraries
configure:14061: result: yes
configure:14071: checking for g77 option to produce PIC
configure:14281: result: -fPIC
configure:14289: checking if g77 PIC flag -fPIC works
configure:14307: g77 -c -g -O2 -fPIC conftest.f >&5
configure:14311: $? = 0
configure:14324: result: yes
configure:14352: checking if g77 static flag -static works
configure:14380: result: yes
configure:14390: checking if g77 supports -c -o file.o
configure:14411: g77 -c -g -O2 -o out/conftest2.o conftest.f >&5
configure:14415: $? = 0
configure:14437: result: yes
configure:14463: checking whether the g77 linker (/usr/local/bin/ld -m elf_x86_64) supports shared libraries
configure:15429: result: yes
configure:15496: checking dynamic linker characteristics
configure:16084: result: GNU/Linux ld.so
configure:16093: checking how to hardcode library paths into programs
configure:16118: result: immediate
configure:19720: checking for a BSD-compatible install
configure:19776: result: /usr/bin/install -c
configure:19788: checking for size_t
configure:19818: /usr/local/bin/gcc -c -g -O2  conftest.c >&5
configure:19824: $? = 0
configure:19831: test -z "$ac_c_werror_flag" || test ! -s conftest.err
configure:19834: $? = 0
configure:19841: test -s conftest.o
configure:19844: $? = 0
configure:19856: result: yes
configure:19877: checking for string.h
configure:19883: result: yes
configure:19877: checking for strings.h
configure:19883: result: yes
configure:19877: checking for unistd.h
configure:19883: result: yes
configure:19877: checking for stdint.h
configure:19883: result: yes
configure:20037: checking for floor in -lm
configure:20072: /usr/local/bin/gcc -o conftest -g -O2   conftest.c -lm  -lgcrypt  >&5
conftest.c:30: warning: conflicting types for built-in function 'floor'
configure:20078: $? = 0
configure:20085: test -z "$ac_c_werror_flag" || test ! -s conftest.err
configure:20088: $? = 0
configure:20095: test -s conftest
configure:20098: $? = 0
configure:20112: result: yes
configure:20648: creating ./config.status

## ---------------------- ##
## Running config.status. ##
## ---------------------- ##

This file was extended by libhpdf config.status 2.1.0, which was
generated by GNU Autoconf 2.60.  Invocation command line was

  CONFIG_FILES    = 
  CONFIG_HEADERS  = 
  CONFIG_LINKS    = 
  CONFIG_COMMANDS = 
  $ ./config.status 

on hera0

config.status:652: creating Makefile
config.status:652: creating src/Makefile
config.status:652: creating include/Makefile
config.status:652: creating include/hpdf_config.h
config.status:916: executing depfiles commands

## ---------------- ##
## Cache variables. ##
## ---------------- ##

ac_cv_build=x86_64-unknown-linux-gnu
ac_cv_c_compiler_gnu=yes
ac_cv_cxx_compiler_gnu=yes
ac_cv_env_CCC_set=set
ac_cv_env_CCC_value=/usr/local/bin/g++
ac_cv_env_CC_set=set
ac_cv_env_CC_value=/usr/local/bin/gcc
ac_cv_env_CFLAGS_set=
ac_cv_env_CFLAGS_value=
ac_cv_env_CPPFLAGS_set=set
ac_cv_env_CPPFLAGS_value=
ac_cv_env_CPP_set=
ac_cv_env_CPP_value=
ac_cv_env_CXXCPP_set=
ac_cv_env_CXXCPP_value=
ac_cv_env_CXXFLAGS_set=
ac_cv_env_CXXFLAGS_value=
ac_cv_env_CXX_set=set
ac_cv_env_CXX_value=/usr/local/bin/g++
ac_cv_env_F77_set=
ac_cv_env_F77_value=
ac_cv_env_FFLAGS_set=
ac_cv_env_FFLAGS_value=
ac_cv_env_LDFLAGS_set=set
ac_cv_env_LDFLAGS_value=
ac_cv_env_build_alias_set=
ac_cv_env_build_alias_value=
ac_cv_env_host_alias_set=
ac_cv_env_host_alias_value=
ac_cv_env_target_alias_set=
ac_cv_env_target_alias_value=
ac_cv_f77_compiler_gnu=yes
ac_cv_header_dlfcn_h=yes
ac_cv_header_inttypes_h=yes
ac_cv_header_memory_h=yes
ac_cv_header_stdc=yes
ac_cv_header_stdint_h=yes
ac_cv_header_stdlib_h=yes
ac_cv_header_string_h=yes
ac_cv_header_strings_h=yes
ac_cv_header_sys_stat_h=yes
ac_cv_header_sys_types_h=yes
ac_cv_header_unistd_h=yes
ac_cv_host=x86_64-unknown-linux-gnu
ac_cv_lib_m_floor=yes
ac_cv_objext=o
ac_cv_path_EGREP='/bin/grep -E'
ac_cv_path_GREP=/bin/grep
ac_cv_path_install='/usr/bin/install -c'
ac_cv_prog_AWK=gawk
ac_cv_prog_CPP='/usr/local/bin/gcc -E'
ac_cv_prog_CXXCPP='/usr/local/bin/g++ -E'
ac_cv_prog_ac_ct_AR=ar
ac_cv_prog_ac_ct_CC=/usr/local/bin/gcc
ac_cv_prog_ac_ct_F77=g77
ac_cv_prog_ac_ct_RANLIB=ranlib
ac_cv_prog_ac_ct_STRIP=strip
ac_cv_prog_cc_c89=
ac_cv_prog_cc_g=yes
ac_cv_prog_cxx_g=yes
ac_cv_prog_f77_g=yes
ac_cv_prog_make_make_set=yes
ac_cv_type_size_t=yes
am_cv_CC_dependencies_compiler_type=none
am_cv_CXX_dependencies_compiler_type=none
lt_cv_deplibs_check_method=pass_all
lt_cv_file_magic_cmd='$MAGIC_CMD'
lt_cv_file_magic_test_file=
lt_cv_ld_reload_flag=-r
lt_cv_objdir=.libs
lt_cv_path_LD=/usr/local/bin/ld
lt_cv_path_LDCXX='/usr/local/bin/ld -m elf_x86_64'
lt_cv_path_NM='/usr/bin/nm -B'
lt_cv_path_SED=/bin/sed
lt_cv_prog_compiler_c_o=yes
lt_cv_prog_compiler_c_o_CXX=yes
lt_cv_prog_compiler_c_o_F77=yes
lt_cv_prog_compiler_rtti_exceptions=no
lt_cv_prog_gnu_ld=yes
lt_cv_prog_gnu_ldcxx=yes
lt_cv_sys_global_symbol_pipe='sed -n -e '\''s/^.*[ 	]\([ABCDGIRSTW][ABCDGIRSTW]*\)[ 	][ 	]*\([_A-Za-z][_A-Za-z0-9]*\)$/\1 \2 \2/p'\'''
lt_cv_sys_global_symbol_to_c_name_address='sed -n -e '\''s/^: \([^ ]*\) $/  {\"\1\", (lt_ptr) 0},/p'\'' -e '\''s/^[BCDEGRST] \([^ ]*\) \([^ ]*\)$/  {"\2", (lt_ptr) \&\2},/p'\'''
lt_cv_sys_global_symbol_to_cdecl='sed -n -e '\''s/^. .* \(.*\)$/extern int \1;/p'\'''
lt_cv_sys_max_cmd_len=32768
lt_lt_cv_prog_compiler_c_o='"yes"'
lt_lt_cv_prog_compiler_c_o_CXX='"yes"'
lt_lt_cv_prog_compiler_c_o_F77='"yes"'
lt_lt_cv_sys_global_symbol_pipe='"sed -n -e '\''s/^.*[ 	]\\([ABCDGIRSTW][ABCDGIRSTW]*\\)[ 	][ 	]*\\([_A-Za-z][_A-Za-z0-9]*\\)\$/\\1 \\2 \\2/p'\''"'
lt_lt_cv_sys_global_symbol_to_c_name_address='"sed -n -e '\''s/^: \\([^ ]*\\) \$/  {\\\"\\1\\\", (lt_ptr) 0},/p'\'' -e '\''s/^[BCDEGRST] \\([^ ]*\\) \\([^ ]*\\)\$/  {\"\\2\", (lt_ptr) \\&\\2},/p'\''"'
lt_lt_cv_sys_global_symbol_to_cdecl='"sed -n -e '\''s/^. .* \\(.*\\)\$/extern int \\1;/p'\''"'

## ----------------- ##
## Output variables. ##
## ----------------- ##

ACLOCAL='${SHELL} /g/g15/bronevet/Compilers/ROSE/src/3rdPartyLibraries/libharu-2.1.0/missing --run aclocal-1.9'
AMDEPBACKSLASH='\'
AMDEP_FALSE='#'
AMDEP_TRUE=''
AMTAR='${SHELL} /g/g15/bronevet/Compilers/ROSE/src/3rdPartyLibraries/libharu-2.1.0/missing --run tar'
AR='ar'
AUTOCONF='${SHELL} /g/g15/bronevet/Compilers/ROSE/src/3rdPartyLibraries/libharu-2.1.0/missing --run autoconf'
AUTOHEADER='${SHELL} /g/g15/bronevet/Compilers/ROSE/src/3rdPartyLibraries/libharu-2.1.0/missing --run autoheader'
AUTOMAKE='${SHELL} /g/g15/bronevet/Compilers/ROSE/src/3rdPartyLibraries/libharu-2.1.0/missing --run automake-1.9'
AWK='gawk'
CC='/usr/local/bin/gcc'
CCDEPMODE='depmode=none'
CFLAGS='-g -O2'
CPP='/usr/local/bin/gcc -E'
CPPFLAGS=''
CXX='/usr/local/bin/g++'
CXXCPP='/usr/local/bin/g++ -E'
CXXDEPMODE='depmode=none'
CXXFLAGS='-g -O2'
CYGPATH_W='echo'
DEFS='-DHAVE_CONFIG_H'
DEPDIR='.deps'
ECHO='echo'
ECHO_C=''
ECHO_N='-n'
ECHO_T=''
EGREP='/bin/grep -E'
EXEEXT=''
F77='g77'
FFLAGS='-g -O2'
GREP='/bin/grep'
INSTALL_DATA='${INSTALL} -m 644'
INSTALL_PROGRAM='${INSTALL}'
INSTALL_SCRIPT='${INSTALL}'
INSTALL_STRIP_FLAG='-s'
INSTALL_STRIP_PROGRAM='${SHELL} $(install_sh) -c -s'
LDFLAGS=''
LIBOBJS=''
LIBS='-lgcrypt  -lm -lm'
LIBTOOL='$(SHELL) $(top_builddir)/libtool'
LN_S='ln -s'
LTLIBOBJS=''
MAINT='#'
MAINTAINER_MODE_FALSE=''
MAINTAINER_MODE_TRUE='#'
MAKEINFO='${SHELL} /g/g15/bronevet/Compilers/ROSE/src/3rdPartyLibraries/libharu-2.1.0/missing --run makeinfo'
OBJEXT='o'
PACKAGE='libhpdf'
PACKAGE_BUGREPORT=''
PACKAGE_NAME='libhpdf'
PACKAGE_STRING='libhpdf 2.1.0'
PACKAGE_TARNAME='libhpdf'
PACKAGE_VERSION='2.1.0'
PATH_SEPARATOR=':'
RANLIB='ranlib'
SET_MAKE=''
SHELL='/bin/sh'
STRIP='strip'
VERSION='2.1.0'
ac_ct_CC='/usr/local/bin/gcc'
ac_ct_CXX=''
ac_ct_F77='g77'
am__fastdepCC_FALSE=''
am__fastdepCC_TRUE='#'
am__fastdepCXX_FALSE=''
am__fastdepCXX_TRUE='#'
am__include='include'
am__leading_dot='.'
am__quote=''
am__tar='${AMTAR} chof - "$$tardir"'
am__untar='${AMTAR} xf -'
bindir='${exec_prefix}/bin'
build='x86_64-unknown-linux-gnu'
build_alias=''
build_cpu='x86_64'
build_os='linux-gnu'
build_vendor='unknown'
datadir='${datarootdir}'
datarootdir='${prefix}/share'
docdir='${datarootdir}/doc/${PACKAGE_TARNAME}'
dvidir='${docdir}'
exec_prefix='${prefix}'
host='x86_64-unknown-linux-gnu'
host_alias=''
host_cpu='x86_64'
host_os='linux-gnu'
host_vendor='unknown'
htmldir='${docdir}'
includedir='${prefix}/include'
infodir='${datarootdir}/info'
install_sh='/g/g15/bronevet/Compilers/ROSE/src/3rdPartyLibraries/libharu-2.1.0/install-sh'
libdir='${exec_prefix}/lib'
libexecdir='${exec_prefix}/libexec'
localedir='${datarootdir}/locale'
localstatedir='${prefix}/var'
mandir='${datarootdir}/man'
mkdir_p='mkdir -p --'
oldincludedir='/usr/include'
pdfdir='${docdir}'
prefix='/g/g15/bronevet/Compilers/ROSE/compile'
program_transform_name='s,x,x,'
psdir='${docdir}'
sbindir='${exec_prefix}/sbin'
sharedstatedir='${prefix}/com'
sysconfdir='${prefix}/etc'
target_alias=''

## ----------- ##
## confdefs.h. ##
## ----------- ##

#define PACKAGE_NAME "libhpdf"
#define PACKAGE_TARNAME "libhpdf"
#define PACKAGE_VERSION "2.1.0"
#define PACKAGE_STRING "libhpdf 2.1.0"
#define PACKAGE_BUGREPORT ""
#define STDC_HEADERS 1
#define HAVE_SYS_TYPES_H 1
#define HAVE_SYS_STAT_H 1
#define HAVE_STDLIB_H 1
#define HAVE_STRING_H 1
#define HAVE_MEMORY_H 1
#define HAVE_STRINGS_H 1
#define HAVE_INTTYPES_H 1
#define HAVE_STDINT_H 1
#define HAVE_UNISTD_H 1
#define HAVE_DLFCN_H 1
#define HAVE_STRING_H 1
#define HAVE_STRINGS_H 1
#define HAVE_UNISTD_H 1
#define HAVE_STDINT_H 1
#define HPDF_NOZLIB
#define HPDF_NOPNGLIB

configure: exit 0
